============================= test session starts =============================
platform win32 -- Python 3.13.12, pytest-9.0.2, pluggy-1.6.0
rootdir: C:\Users\dell\Desktop\projects\class-project\personal-ai-employee\app
configfile: pyproject.toml
plugins: anyio-4.12.1
collected 160 items

tests\unit\error_recovery\test_circuit_breaker.py ...................... [ 13%]
.........                                                                [ 19%]
tests\unit\error_recovery\test_error_logger.py ......................    [ 33%]
tests\unit\error_recovery\test_file_quarantine.py ...........            [ 40%]
tests\unit\error_recovery\test_operation_queue.py ................       [ 50%]
tests\unit\error_recovery\test_retry.py ....s..............              [ 61%]
tests\unit\error_recovery\test_utils.py ...................s............ [ 81%]
..........                                                               [ 88%]
tests\unit\error_recovery\test_watchdog.py ...